#
# There is insufficient memory for the Java Runtime Environment to continue.
# Native memory allocation (malloc) failed to allocate 1104416 bytes for Chunk::new
# Possible reasons:
#   The system is out of physical RAM or swap space
#   In 32 bit mode, the process size limit was hit
# Possible solutions:
#   Reduce memory load on the system
#   Increase physical memory or swap space
#   Check if swap backing store is full
#   Use 64 bit Java on a 64 bit OS
#   Decrease Java heap size (-Xmx/-Xms)
#   Decrease number of Java threads
#   Decrease Java thread stack sizes (-Xss)
#   Set larger code cache with -XX:ReservedCodeCacheSize=
# This output file may be truncated or incomplete.
#
#  Out of Memory Error (allocation.cpp:390), pid=3844, tid=0x00000000000019b0
#
# JRE version: OpenJDK Runtime Environment (8.0_152-b01) (build 1.8.0_152-release-1248-b01)
# Java VM: OpenJDK 64-Bit Server VM (25.152-b01 mixed mode windows-amd64 compressed oops)
# Failed to write core dump. Minidumps are not enabled by default on client versions of Windows
#

---------------  T H R E A D  ---------------

Current thread (0x0000000016324000):  JavaThread "C2 CompilerThread0" daemon [_thread_in_native, id=6576, stack(0x0000000017370000,0x0000000017470000)]

Stack: [0x0000000017370000,0x0000000017470000]
[error occurred during error reporting (printing stack bounds), id 0xc0000005]

Native frames: (J=compiled Java code, j=interpreted, Vv=VM code, C=native code)


Current CompileTask:
C2:   5036 1426       4       java.net.URLClassLoader$1::run (5 bytes)


---------------  P R O C E S S  ---------------

Java Threads: ( => current thread )
  0x0000000018be8000 JavaThread "Stdin handler" [_thread_blocked, id=9044, stack(0x000000001a2c0000,0x000000001a3c0000)]
  0x0000000018bfd000 JavaThread "Asynchronous log dispatcher for DefaultDaemonConnection: socket connection from /127.0.0.1:50610 to /127.0.0.1:50611" [_thread_blocked, id=2248, stack(0x000000001a1c0000,0x000000001a2c0000)]
  0x0000000018c18000 JavaThread "Daemon worker" [_thread_in_vm, id=5828, stack(0x000000001a0c0000,0x000000001a1c0000)]
  0x0000000018c17000 JavaThread "Cancel handler" [_thread_blocked, id=8916, stack(0x0000000019fc0000,0x000000001a0c0000)]
  0x0000000018b75000 JavaThread "Handler for socket connection from /127.0.0.1:50610 to /127.0.0.1:50611" [_thread_in_native, id=11356, stack(0x0000000019cc0000,0x0000000019dc0000)]
  0x0000000018b74000 JavaThread "Daemon periodic checks" [_thread_blocked, id=8372, stack(0x0000000019bc0000,0x0000000019cc0000)]
  0x0000000018b7d800 JavaThread "Daemon" [_thread_blocked, id=5364, stack(0x0000000019ac0000,0x0000000019bc0000)]
  0x0000000018b36000 JavaThread "Incoming local TCP Connector on port 50610" [_thread_in_native, id=9536, stack(0x0000000019880000,0x0000000019980000)]
  0x000000001638d800 JavaThread "Service Thread" daemon [_thread_blocked, id=7256, stack(0x0000000017570000,0x0000000017670000)]
  0x0000000016327000 JavaThread "C1 CompilerThread1" daemon [_thread_in_native, id=8060, stack(0x0000000017470000,0x0000000017570000)]
=>0x0000000016324000 JavaThread "C2 CompilerThread0" daemon [_thread_in_native, id=6576, stack(0x0000000017370000,0x0000000017470000)]
  0x0000000016323000 JavaThread "Attach Listener" daemon [_thread_blocked, id=7176, stack(0x0000000017270000,0x0000000017370000)]
  0x0000000016331800 JavaThread "Signal Dispatcher" daemon [_thread_blocked, id=8436, stack(0x0000000017170000,0x0000000017270000)]
  0x0000000016317800 JavaThread "Finalizer" daemon [_thread_blocked, id=2028, stack(0x0000000016f80000,0x0000000017080000)]
  0x0000000002bef800 JavaThread "Reference Handler" daemon [_thread_blocked, id=6932, stack(0x0000000016e80000,0x0000000016f80000)]
  0x00000000028fe000 JavaThread "main" [_thread_blocked, id=7048, stack(0x0000000002900000,0x0000000002a00000)]

Other Threads:
  0x00000000162f5000 VMThread [stack: 0x0000000016d80000,0x0000000016e80000] [id=9024]
  0x0000000016391000 WatcherThread [stack: 0x0000000017670000,0x0000000017770000] [id=11620]

VM state:not at safepoint (normal execution)

VM Mutex/Monitor currently owned by a thread:  ([mutex/lock_event])
[0x00000000028fc9b0] CodeCache_lock - owner thread: 0x0000000016327000
[0x0000000002b00a50] Compile_lock - owner thread: 0x0000000016327000
[0x0000000002b018d0] MethodCompileQueue_lock - owner thread: 0x0000000016327000

Heap:
 PSYoungGen      total 38400K, used 12805K [0x00000000e0000000, 0x00000000e2a80000, 0x0000000100000000)
  eden space 33280K, 23% used [0x00000000e0000000,0x00000000e0788220,0x00000000e2080000)
  from space 5120K, 99% used [0x00000000e2080000,0x00000000e2579220,0x00000000e2580000)
  to   space 5120K, 0% used [0x00000000e2580000,0x00000000e2580000,0x00000000e2a80000)
 ParOldGen       total 87552K, used 2019K [0x00000000a0000000, 0x00000000a5580000, 0x00000000e0000000)
  object space 87552K, 2% used [0x00000000a0000000,0x00000000a01f8df8,0x00000000a5580000)
 Metaspace       used 13891K, capacity 14226K, committed 14464K, reserved 1060864K
  class space    used 1961K, capacity 2125K, committed 2176K, reserved 1048576K

Card table byte_map: [0x0000000011fc0000,0x00000000122d0000] byte_map_base: 0x0000000011ac0000

Marking Bits: (ParMarkBitMap*) 0x0000000075f35aa0
 Begin Bits: [0x00000000126d0000, 0x0000000013ed0000)
 End Bits:   [0x0000000013ed0000, 0x00000000156d0000)

Polling page: 0x0000000000c50000

CodeCache: size=245760Kb used=4995Kb max_used=4995Kb free=240764Kb
 bounds [0x0000000002c00000, 0x00000000030f0000, 0x0000000011c00000]
 total_blobs=1806 nmethods=1441 adapters=279
 compilation: enabled

Compilation events (10 events):
Event: 4.996 Thread 0x0000000016327000 1439       3       sun.misc.ProxyGenerator::dotToSlash (9 bytes)
Event: 4.996 Thread 0x0000000016327000 nmethod 1439 0x00000000030d98d0 code [0x00000000030d9a40, 0x00000000030d9c48]
Event: 5.013 Thread 0x0000000016327000 1440       3       org.gradle.internal.service.DefaultServiceRegistry::assertValidServiceType (51 bytes)
Event: 5.014 Thread 0x0000000016327000 nmethod 1440 0x00000000030d9d10 code [0x00000000030d9ee0, 0x00000000030da5e8]
Event: 5.014 Thread 0x0000000016327000 1441       3       org.gradle.internal.service.DefaultServiceRegistry$OwnServices::getProviders (26 bytes)
Event: 5.014 Thread 0x0000000016327000 nmethod 1441 0x00000000030da850 code [0x00000000030da9e0, 0x00000000030dada8]
Event: 5.014 Thread 0x0000000016327000 1442       3       org.gradle.internal.service.DefaultServiceRegistry::find (149 bytes)
Event: 5.015 Thread 0x0000000016327000 nmethod 1442 0x00000000030daed0 code [0x00000000030db220, 0x00000000030dcdf8]
Event: 5.015 Thread 0x0000000016327000 1443       3       java.util.ArrayList::isEmpty (13 bytes)
Event: 5.015 Thread 0x0000000016327000 nmethod 1443 0x00000000030ddb50 code [0x00000000030ddca0, 0x00000000030dde50]

GC Heap History (6 events):
Event: 1.243 GC heap before
{Heap before GC invocations=1 (full 0):
 PSYoungGen      total 38400K, used 33280K [0x00000000e0000000, 0x00000000e2a80000, 0x0000000100000000)
  eden space 33280K, 100% used [0x00000000e0000000,0x00000000e2080000,0x00000000e2080000)
  from space 5120K, 0% used [0x00000000e2580000,0x00000000e2580000,0x00000000e2a80000)
  to   space 5120K, 0% used [0x00000000e2080000,0x00000000e2080000,0x00000000e2580000)
 ParOldGen       total 87552K, used 0K [0x00000000a0000000, 0x00000000a5580000, 0x00000000e0000000)
  object space 87552K, 0% used [0x00000000a0000000,0x00000000a0000000,0x00000000a5580000)
 Metaspace       used 6536K, capacity 6670K, committed 6784K, reserved 1056768K
  class space    used 795K, capacity 843K, committed 896K, reserved 1048576K
Event: 1.250 GC heap after
Heap after GC invocations=1 (full 0):
 PSYoungGen      total 38400K, used 3969K [0x00000000e0000000, 0x00000000e2a80000, 0x0000000100000000)
  eden space 33280K, 0% used [0x00000000e0000000,0x00000000e0000000,0x00000000e2080000)
  from space 5120K, 77% used [0x00000000e2080000,0x00000000e2460650,0x00000000e2580000)
  to   space 5120K, 0% used [0x00000000e2580000,0x00000000e2580000,0x00000000e2a80000)
 ParOldGen       total 87552K, used 8K [0x00000000a0000000, 0x00000000a5580000, 0x00000000e0000000)
  object space 87552K, 0% used [0x00000000a0000000,0x00000000a0002000,0x00000000a5580000)
 Metaspace       used 6536K, capacity 6670K, committed 6784K, reserved 1056768K
  class space    used 795K, capacity 843K, committed 896K, reserved 1048576K
}
Event: 2.081 GC heap before
{Heap before GC invocations=2 (full 0):
 PSYoungGen      total 38400K, used 37249K [0x00000000e0000000, 0x00000000e2a80000, 0x0000000100000000)
  eden space 33280K, 100% used [0x00000000e0000000,0x00000000e2080000,0x00000000e2080000)
  from space 5120K, 77% used [0x00000000e2080000,0x00000000e2460650,0x00000000e2580000)
  to   space 5120K, 0% used [0x00000000e2580000,0x00000000e2580000,0x00000000e2a80000)
 ParOldGen       total 87552K, used 8K [0x00000000a0000000, 0x00000000a5580000, 0x00000000e0000000)
  object space 87552K, 0% used [0x00000000a0000000,0x00000000a0002000,0x00000000a5580000)
 Metaspace       used 9186K, capacity 9404K, committed 9600K, reserved 1056768K
  class space    used 1226K, capacity 1324K, committed 1408K, reserved 1048576K
Event: 2.090 GC heap after
Heap after GC invocations=2 (full 0):
 PSYoungGen      total 38400K, used 4781K [0x00000000e0000000, 0x00000000e2a80000, 0x0000000100000000)
  eden space 33280K, 0% used [0x00000000e0000000,0x00000000e0000000,0x00000000e2080000)
  from space 5120K, 93% used [0x00000000e2580000,0x00000000e2a2b7c8,0x00000000e2a80000)
  to   space 5120K, 0% used [0x00000000e2080000,0x00000000e2080000,0x00000000e2580000)
 ParOldGen       total 87552K, used 16K [0x00000000a0000000, 0x00000000a5580000, 0x00000000e0000000)
  object space 87552K, 0% used [0x00000000a0000000,0x00000000a0004000,0x00000000a5580000)
 Metaspace       used 9186K, capacity 9404K, committed 9600K, reserved 1056768K
  class space    used 1226K, capacity 1324K, committed 1408K, reserved 1048576K
}
Event: 4.869 GC heap before
{Heap before GC invocations=3 (full 0):
 PSYoungGen      total 38400K, used 38061K [0x00000000e0000000, 0x00000000e2a80000, 0x0000000100000000)
  eden space 33280K, 100% used [0x00000000e0000000,0x00000000e2080000,0x00000000e2080000)
  from space 5120K, 93% used [0x00000000e2580000,0x00000000e2a2b7c8,0x00000000e2a80000)
  to   space 5120K, 0% used [0x00000000e2080000,0x00000000e2080000,0x00000000e2580000)
 ParOldGen       total 87552K, used 16K [0x00000000a0000000, 0x00000000a5580000, 0x00000000e0000000)
  object space 87552K, 0% used [0x00000000a0000000,0x00000000a0004000,0x00000000a5580000)
 Metaspace       used 13588K, capacity 13966K, committed 14208K, reserved 1060864K
  class space    used 1899K, capacity 2059K, committed 2176K, reserved 1048576K
Event: 4.878 GC heap after
Heap after GC invocations=3 (full 0):
 PSYoungGen      total 38400K, used 5092K [0x00000000e0000000, 0x00000000e2a80000, 0x0000000100000000)
  eden space 33280K, 0% used [0x00000000e0000000,0x00000000e0000000,0x00000000e2080000)
  from space 5120K, 99% used [0x00000000e2080000,0x00000000e2579220,0x00000000e2580000)
  to   space 5120K, 0% used [0x00000000e2580000,0x00000000e2580000,0x00000000e2a80000)
 ParOldGen       total 87552K, used 2019K [0x00000000a0000000, 0x00000000a5580000, 0x00000000e0000000)
  object space 87552K, 2% used [0x00000000a0000000,0x00000000a01f8df8,0x00000000a5580000)
 Metaspace       used 13588K, capacity 13966K, committed 14208K, reserved 1060864K
  class space    used 1899K, capacity 2059K, committed 2176K, reserved 1048576K
}

Deoptimization events (10 events):
Event: 0.928 Thread 0x00000000028fe000 Uncommon trap: reason=unstable_if action=reinterpret pc=0x0000000002e741b0 method=java.util.jar.Manifest$FastInputStream.readLine([BII)I @ 87
Event: 1.752 Thread 0x00000000028fe000 Uncommon trap: reason=class_check action=maybe_recompile pc=0x0000000002ee5c84 method=java.util.regex.Matcher.match(II)Z @ 86
Event: 2.017 Thread 0x00000000028fe000 Uncommon trap: reason=unstable_if action=reinterpret pc=0x0000000002ea7490 method=java.util.HashMap.getNode(ILjava/lang/Object;)Ljava/util/HashMap$Node; @ 129
Event: 2.017 Thread 0x00000000028fe000 Uncommon trap: reason=bimorphic action=maybe_recompile pc=0x0000000002eb1d70 method=java.util.HashMap.putVal(ILjava/lang/Object;Ljava/lang/Object;ZZ)Ljava/lang/Object; @ 203
Event: 2.563 Thread 0x00000000028fe000 Uncommon trap: reason=unstable_if action=reinterpret pc=0x0000000002f1c2c0 method=java.io.WinNTFileSystem.normalize(Ljava/lang/String;)Ljava/lang/String; @ 128
Event: 2.563 Thread 0x00000000028fe000 Uncommon trap: reason=unstable_if action=reinterpret pc=0x0000000002f238b0 method=java.io.WinNTFileSystem.normalize(Ljava/lang/String;II)Ljava/lang/String; @ 90
Event: 3.840 Thread 0x0000000018b75000 Uncommon trap: reason=unstable_if action=reinterpret pc=0x000000000303dcb0 method=java.util.concurrent.ConcurrentHashMap.putVal(Ljava/lang/Object;Ljava/lang/Object;Z)Ljava/lang/Object; @ 206
Event: 3.942 Thread 0x0000000018c18000 Uncommon trap: reason=bimorphic action=maybe_recompile pc=0x0000000002eb0ee0 method=java.util.HashMap.putVal(ILjava/lang/Object;Ljava/lang/Object;ZZ)Ljava/lang/Object; @ 253
Event: 3.942 Thread 0x0000000018c18000 Uncommon trap: reason=bimorphic action=maybe_recompile pc=0x0000000002eb0ee0 method=java.util.HashMap.putVal(ILjava/lang/Object;Ljava/lang/Object;ZZ)Ljava/lang/Object; @ 253
Event: 3.942 Thread 0x0000000018c18000 Uncommon trap: reason=bimorphic action=maybe_recompile pc=0x0000000002eb0ee0 method=java.util.HashMap.putVal(ILjava/lang/Object;Ljava/lang/Object;ZZ)Ljava/lang/Object; @ 253

Classes redefined (0 events):
No events

Internal exceptions (10 events):
Event: 3.842 Thread 0x0000000018b75000 Exception <a 'java/lang/NoSuchMethodError': <clinit>> (0x00000000e072f660) thrown at [D:\src\AOSP-openjdk-cygwin\jdk8u\hotspot\src\share\vm\prims\jni.cpp, line 1613]
Event: 3.846 Thread 0x0000000018b75000 Exception <a 'java/lang/NoSuchMethodError': <clinit>> (0x00000000e073af58) thrown at [D:\src\AOSP-openjdk-cygwin\jdk8u\hotspot\src\share\vm\prims\jni.cpp, line 1613]
Event: 3.847 Thread 0x0000000018b75000 Exception <a 'java/lang/NoSuchMethodError': <clinit>> (0x00000000e0744538) thrown at [D:\src\AOSP-openjdk-cygwin\jdk8u\hotspot\src\share\vm\prims\jni.cpp, line 1613]
Event: 3.851 Thread 0x0000000018b75000 Exception <a 'java/lang/NoSuchMethodError': <clinit>> (0x00000000e076b4b8) thrown at [D:\src\AOSP-openjdk-cygwin\jdk8u\hotspot\src\share\vm\prims\jni.cpp, line 1613]
Event: 3.853 Thread 0x0000000018b75000 Exception <a 'java/lang/NoSuchMethodError': <clinit>> (0x00000000e0783320) thrown at [D:\src\AOSP-openjdk-cygwin\jdk8u\hotspot\src\share\vm\prims\jni.cpp, line 1613]
Event: 3.853 Thread 0x0000000018b75000 Exception <a 'java/lang/NoSuchMethodError': <clinit>> (0x00000000e078bde8) thrown at [D:\src\AOSP-openjdk-cygwin\jdk8u\hotspot\src\share\vm\prims\jni.cpp, line 1613]
Event: 3.855 Thread 0x0000000018b75000 Exception <a 'java/lang/NoSuchMethodError': <clinit>> (0x00000000e07a1d48) thrown at [D:\src\AOSP-openjdk-cygwin\jdk8u\hotspot\src\share\vm\prims\jni.cpp, line 1613]
Event: 3.870 Thread 0x0000000018b75000 Exception <a 'java/lang/NoSuchMethodError': <clinit>> (0x00000000e08008a0) thrown at [D:\src\AOSP-openjdk-cygwin\jdk8u\hotspot\src\share\vm\prims\jni.cpp, line 1613]
Event: 3.897 Thread 0x0000000018b75000 Exception <a 'java/lang/NoSuchMethodError': <clinit>> (0x00000000e082ce20) thrown at [D:\src\AOSP-openjdk-cygwin\jdk8u\hotspot\src\share\vm\prims\jni.cpp, line 1613]
Event: 3.904 Thread 0x0000000018b75000 Exception <a 'java/lang/NoSuchMethodError': <clinit>> (0x00000000e0849a08) thrown at [D:\src\AOSP-openjdk-cygwin\jdk8u\hotspot\src\share\vm\prims\jni.cpp, line 1613]

Events (10 events):
Event: 5.012 loading class org/gradle/internal/operations/MultipleBuildOperationFailures
Event: 5.012 loading class org/gradle/internal/operations/MultipleBuildOperationFailures done
Event: 5.012 loading class org/gradle/internal/operations/DefaultBuildOperationExecutor$BuildOperationState
Event: 5.012 loading class org/gradle/internal/operations/DefaultBuildOperationExecutor$BuildOperationState done
Event: 5.012 loading class org/gradle/internal/operations/DefaultBuildOperationExecutor$UnmanagedThreadOperation
Event: 5.012 loading class org/gradle/internal/operations/DefaultBuildOperationExecutor$UnmanagedThreadOperation done
Event: 5.013 loading class org/gradle/internal/operations/DefaultBuildOperationQueueFactory
Event: 5.013 loading class org/gradle/internal/operations/DefaultBuildOperationQueueFactory done
Event: 5.013 loading class org/gradle/internal/operations/BuildOperationQueue
Event: 5.013 loading class org/gradle/internal/operations/BuildOperationQueue done


Dynamic libraries:
0x00007ff7c8770000 - 0x00007ff7c87a1000 	C:\Program Files\Android\Android Studio1\jre\bin\java.exe
0x00007ffdae650000 - 0x00007ffdae831000 	C:\WINDOWS\SYSTEM32\ntdll.dll
0x00007ffdabb40000 - 0x00007ffdabbf2000 	C:\WINDOWS\System32\KERNEL32.DLL
0x00007ffdab280000 - 0x00007ffdab4f3000 	C:\WINDOWS\System32\KERNELBASE.dll
0x00007ffdae020000 - 0x00007ffdae0c1000 	C:\WINDOWS\System32\ADVAPI32.dll
0x00007ffdae0d0000 - 0x00007ffdae16e000 	C:\WINDOWS\System32\msvcrt.dll
0x00007ffdadfc0000 - 0x00007ffdae01b000 	C:\WINDOWS\System32\sechost.dll
0x00007ffdae4f0000 - 0x00007ffdae614000 	C:\WINDOWS\System32\RPCRT4.dll
0x00007ffdad370000 - 0x00007ffdad500000 	C:\WINDOWS\System32\USER32.dll
0x00007ffdab790000 - 0x00007ffdab7b0000 	C:\WINDOWS\System32\win32u.dll
0x00007ffdae170000 - 0x00007ffdae198000 	C:\WINDOWS\System32\GDI32.dll
0x00007ffdab7b0000 - 0x00007ffdab942000 	C:\WINDOWS\System32\gdi32full.dll
0x00007ffdab6f0000 - 0x00007ffdab78f000 	C:\WINDOWS\System32\msvcp_win.dll
0x00007ffdaaa70000 - 0x00007ffdaab6a000 	C:\WINDOWS\System32\ucrtbase.dll
0x00007ffd8e2a0000 - 0x00007ffd8e509000 	C:\WINDOWS\WinSxS\amd64_microsoft.windows.common-controls_6595b64144ccf1df_6.0.17134.523_none_fb409dd930672a56\COMCTL32.dll
0x00007ffdad040000 - 0x00007ffdad362000 	C:\WINDOWS\System32\combase.dll
0x00007ffdaba60000 - 0x00007ffdabada000 	C:\WINDOWS\System32\bcryptPrimitives.dll
0x00007ffdad920000 - 0x00007ffdad94d000 	C:\WINDOWS\System32\IMM32.DLL
0x0000000075670000 - 0x0000000075742000 	C:\Program Files\Android\Android Studio1\jre\jre\bin\msvcr100.dll
0x0000000075770000 - 0x0000000075fb1000 	C:\Program Files\Android\Android Studio1\jre\jre\bin\server\jvm.dll
0x00007ffdae4e0000 - 0x00007ffdae4e8000 	C:\WINDOWS\System32\PSAPI.DLL
0x00007ffd8a5d0000 - 0x00007ffd8a5d9000 	C:\WINDOWS\SYSTEM32\WSOCK32.dll
0x00007ffdade90000 - 0x00007ffdadefc000 	C:\WINDOWS\System32\WS2_32.dll
0x00007ffda8bf0000 - 0x00007ffda8c13000 	C:\WINDOWS\SYSTEM32\WINMM.dll
0x00007ffda2330000 - 0x00007ffda233a000 	C:\WINDOWS\SYSTEM32\VERSION.dll
0x00007ffda8bc0000 - 0x00007ffda8bea000 	C:\WINDOWS\SYSTEM32\WINMMBASE.dll
0x00007ffdaaa20000 - 0x00007ffdaaa69000 	C:\WINDOWS\System32\cfgmgr32.dll
0x00007ffd8a5c0000 - 0x00007ffd8a5cf000 	C:\Program Files\Android\Android Studio1\jre\jre\bin\verify.dll
0x00007ffd83190000 - 0x00007ffd831b9000 	C:\Program Files\Android\Android Studio1\jre\jre\bin\java.dll
0x00007ffd8a5a0000 - 0x00007ffd8a5b6000 	C:\Program Files\Android\Android Studio1\jre\jre\bin\zip.dll
0x00007ffdabc00000 - 0x00007ffdad040000 	C:\WINDOWS\System32\SHELL32.dll
0x00007ffdad500000 - 0x00007ffdad5a9000 	C:\WINDOWS\System32\shcore.dll
0x00007ffdaab70000 - 0x00007ffdab27d000 	C:\WINDOWS\System32\windows.storage.dll
0x00007ffdad8c0000 - 0x00007ffdad911000 	C:\WINDOWS\System32\shlwapi.dll
0x00007ffdaaa00000 - 0x00007ffdaaa11000 	C:\WINDOWS\System32\kernel.appcore.dll
0x00007ffdaa990000 - 0x00007ffdaa9af000 	C:\WINDOWS\System32\profapi.dll
0x00007ffdaa9b0000 - 0x00007ffdaa9fc000 	C:\WINDOWS\System32\powrprof.dll
0x00007ffdaa980000 - 0x00007ffdaa98a000 	C:\WINDOWS\System32\FLTLIB.DLL
0x00007ffd82890000 - 0x00007ffd828aa000 	C:\Program Files\Android\Android Studio1\jre\jre\bin\net.dll
0x00007ffdaa180000 - 0x00007ffdaa1e6000 	C:\WINDOWS\system32\mswsock.dll
0x00007ffd807e0000 - 0x00007ffd807f1000 	C:\Program Files\Android\Android Studio1\jre\jre\bin\nio.dll
0x00007ffd82160000 - 0x00007ffd8217e000 	C:\Users\Nebras VM\.gradle\native\25\windows-amd64\native-platform.dll
0x00007ffd83180000 - 0x00007ffd8318d000 	C:\Program Files\Android\Android Studio1\jre\jre\bin\management.dll
0x00007ffdaa330000 - 0x00007ffdaa347000 	C:\WINDOWS\SYSTEM32\CRYPTSP.dll
0x00007ffda9d60000 - 0x00007ffda9d93000 	C:\WINDOWS\system32\rsaenh.dll
0x00007ffdaa460000 - 0x00007ffdaa485000 	C:\WINDOWS\SYSTEM32\bcrypt.dll
0x00007ffdaa860000 - 0x00007ffdaa888000 	C:\WINDOWS\SYSTEM32\USERENV.dll
0x00007ffdaa350000 - 0x00007ffdaa35b000 	C:\WINDOWS\SYSTEM32\CRYPTBASE.dll
0x00007ffda9f00000 - 0x00007ffda9f38000 	C:\WINDOWS\SYSTEM32\IPHLPAPI.DLL
0x00007ffdade80000 - 0x00007ffdade88000 	C:\WINDOWS\System32\NSI.dll
0x00007ffda42a0000 - 0x00007ffda42b6000 	C:\WINDOWS\SYSTEM32\dhcpcsvc6.DLL
0x00007ffda4200000 - 0x00007ffda421a000 	C:\WINDOWS\SYSTEM32\dhcpcsvc.DLL

VM Arguments:
jvm_args: -Xmx1536m -Dfile.encoding=windows-1252 -Duser.country=US -Duser.language=en -Duser.variant 
java_command: org.gradle.launcher.daemon.bootstrap.GradleDaemon 4.10.1
java_class_path (initial): C:\Users\Nebras VM\.gradle\wrapper\dists\gradle-4.10.1-all\455itskqi2qtf0v2sja68alqd\gradle-4.10.1\lib\gradle-launcher-4.10.1.jar
Launcher Type: SUN_STANDARD

Environment Variables:
JAVA_HOME=C:\Program Files (x86)\Java\jdk1.8.0_181
PATH=C:\WINDOWS\system32;C:\WINDOWS;C:\WINDOWS\System32\Wbem;C:\WINDOWS\System32\WindowsPowerShell\v1.0\;C:\Program Files\dotnet\;C:\Program Files\Microsoft SQL Server\130\Tools\Binn\;C:\Program Files\Git\cmd;C:\Program Files\Microsoft SQL Server\Client SDK\ODBC\130\Tools\Binn\;C:\Program Files (x86)\Microsoft SQL Server\140\Tools\Binn\;C:\Program Files\Microsoft SQL Server\140\Tools\Binn\;C:\Program Files\Microsoft SQL Server\140\DTS\Binn\;C:\Program Files (x86)\Microsoft SQL Server\Client SDK\ODBC\130\Tools\Binn\;C:\Program Files (x86)\Microsoft SQL Server\140\DTS\Binn\;C:\Program Files (x86)\Microsoft SQL Server\140\Tools\Binn\ManagementStudio\;C:\Program Files\nodejs\;C:\WINDOWS\System32\OpenSSH\;C:\Program Files (x86)\Microsoft Emulator Manager\1.0\;C:\Users\Nebras VM\AppData\Local\Microsoft\WindowsApps;C:\Users\Nebras VM\AppData\Roaming\npm;C:\Users\Nebras VM\AppData\Local\Programs\Microsoft VS Code\bin;;C:\Program Files\JetBrains\IntelliJ IDEA Community Edition 2018.3.2\bin;
USERNAME=Nebras VM
OS=Windows_NT
PROCESSOR_IDENTIFIER=Intel64 Family 6 Model 79 Stepping 1, GenuineIntel



---------------  S Y S T E M  ---------------

OS: Windows 10.0 , 64 bit Build 17134 (10.0.17134.1)

CPU:total 2 (initial active 2) (2 cores per cpu, 1 threads per core) family 6 model 79 stepping 1, cmov, cx8, fxsr, mmx, sse, sse2, sse3, ssse3, sse4.1, sse4.2, popcnt, avx, avx2, aes, clmul, erms, rtm, 3dnowpref, lzcnt, tsc, bmi1, bmi2, adx

Memory: 4k page, physical 8388148k(4229048k free), swap 10485160k(6032k free)

vm_info: OpenJDK 64-Bit Server VM (25.152-b01) for windows-amd64 JRE (1.8.0_152-release-1248-b01), built by "builder" with MS VC++ 10.0 (VS2010)

time: Fri Jan 18 13:51:06 2019
elapsed time: 5 seconds (0d 0h 0m 5s)

