#
# There is insufficient memory for the Java Runtime Environment to continue.
# Native memory allocation (malloc) failed to allocate 527760 bytes for Chunk::new
# Possible reasons:
#   The system is out of physical RAM or swap space
#   In 32 bit mode, the process size limit was hit
# Possible solutions:
#   Reduce memory load on the system
#   Increase physical memory or swap space
#   Check if swap backing store is full
#   Use 64 bit Java on a 64 bit OS
#   Decrease Java heap size (-Xmx/-Xms)
#   Decrease number of Java threads
#   Decrease Java thread stack sizes (-Xss)
#   Set larger code cache with -XX:ReservedCodeCacheSize=
# This output file may be truncated or incomplete.
#
#  Out of Memory Error (allocation.cpp:390), pid=6260, tid=0x000000000000295c
#
# JRE version: OpenJDK Runtime Environment (8.0_152-b01) (build 1.8.0_152-release-1248-b01)
# Java VM: OpenJDK 64-Bit Server VM (25.152-b01 mixed mode windows-amd64 compressed oops)
# Failed to write core dump. Minidumps are not enabled by default on client versions of Windows
#

---------------  T H R E A D  ---------------

Current thread (0x00000000165a3800):  JavaThread "C2 CompilerThread0" daemon [_thread_in_native, id=10588, stack(0x00000000175e0000,0x00000000176e0000)]

Stack: [0x00000000175e0000,0x00000000176e0000]
[error occurred during error reporting (printing stack bounds), id 0xc0000005]

Native frames: (J=compiled Java code, j=interpreted, Vv=VM code, C=native code)


Current CompileTask:
C2:   3764 1400       4       java.net.URLClassLoader$1::run (5 bytes)


---------------  P R O C E S S  ---------------

Java Threads: ( => current thread )
  0x0000000018e41800 JavaThread "Stdin handler" [_thread_blocked, id=6864, stack(0x000000001a730000,0x000000001a830000)]
  0x0000000018e27800 JavaThread "Asynchronous log dispatcher for DefaultDaemonConnection: socket connection from /127.0.0.1:50616 to /127.0.0.1:50617" [_thread_blocked, id=8604, stack(0x000000001a630000,0x000000001a730000)]
  0x0000000018e24800 JavaThread "Daemon worker" [_thread_in_Java, id=9028, stack(0x000000001a330000,0x000000001a430000)]
  0x0000000018e24000 JavaThread "Cancel handler" [_thread_blocked, id=8872, stack(0x000000001a230000,0x000000001a330000)]
  0x0000000018dd0000 JavaThread "Handler for socket connection from /127.0.0.1:50616 to /127.0.0.1:50617" [_thread_in_native, id=11488, stack(0x000000001a130000,0x000000001a230000)]
  0x0000000018dcf800 JavaThread "Daemon periodic checks" [_thread_blocked, id=8728, stack(0x000000001a030000,0x000000001a130000)]
  0x0000000018dce800 JavaThread "Daemon" [_thread_blocked, id=11316, stack(0x0000000019df0000,0x0000000019ef0000)]
  0x0000000018d95800 JavaThread "Incoming local TCP Connector on port 50616" [_thread_in_native, id=6940, stack(0x0000000019cf0000,0x0000000019df0000)]
  0x000000001660d800 JavaThread "Service Thread" daemon [_thread_blocked, id=2964, stack(0x00000000177e0000,0x00000000178e0000)]
  0x00000000165a7000 JavaThread "C1 CompilerThread1" daemon [_thread_blocked, id=11072, stack(0x00000000176e0000,0x00000000177e0000)]
=>0x00000000165a3800 JavaThread "C2 CompilerThread0" daemon [_thread_in_native, id=10588, stack(0x00000000175e0000,0x00000000176e0000)]
  0x00000000165a3000 JavaThread "Attach Listener" daemon [_thread_blocked, id=2604, stack(0x00000000174e0000,0x00000000175e0000)]
  0x00000000165b1800 JavaThread "Signal Dispatcher" daemon [_thread_blocked, id=6136, stack(0x00000000173e0000,0x00000000174e0000)]
  0x0000000002e77000 JavaThread "Finalizer" daemon [_thread_blocked, id=6016, stack(0x00000000171f0000,0x00000000172f0000)]
  0x0000000002e6f800 JavaThread "Reference Handler" daemon [_thread_blocked, id=11856, stack(0x00000000170f0000,0x00000000171f0000)]
  0x0000000000f6e000 JavaThread "main" [_thread_blocked, id=11736, stack(0x0000000002b80000,0x0000000002c80000)]

Other Threads:
  0x0000000016575000 VMThread [stack: 0x0000000016ff0000,0x00000000170f0000] [id=3976]
  0x0000000016611000 WatcherThread [stack: 0x00000000178e0000,0x00000000179e0000] [id=10176]

VM state:not at safepoint (normal execution)

VM Mutex/Monitor currently owned by a thread: None

Heap:
 PSYoungGen      total 38400K, used 24221K [0x00000000e0000000, 0x00000000e3780000, 0x0000000100000000)
  eden space 33280K, 58% used [0x00000000e0000000,0x00000000e13184b8,0x00000000e2080000)
  from space 5120K, 91% used [0x00000000e2080000,0x00000000e250f118,0x00000000e2580000)
  to   space 5120K, 0% used [0x00000000e3280000,0x00000000e3280000,0x00000000e3780000)
 ParOldGen       total 56320K, used 3084K [0x00000000a0000000, 0x00000000a3700000, 0x00000000e0000000)
  object space 56320K, 5% used [0x00000000a0000000,0x00000000a0303038,0x00000000a3700000)
 Metaspace       used 14126K, capacity 14498K, committed 14720K, reserved 1064960K
  class space    used 1990K, capacity 2117K, committed 2176K, reserved 1048576K

Card table byte_map: [0x0000000012240000,0x0000000012550000] byte_map_base: 0x0000000011d40000

Marking Bits: (ParMarkBitMap*) 0x0000000075f35aa0
 Begin Bits: [0x0000000012950000, 0x0000000014150000)
 End Bits:   [0x0000000014150000, 0x0000000015950000)

Polling page: 0x0000000000f20000

CodeCache: size=245760Kb used=5064Kb max_used=5064Kb free=240695Kb
 bounds [0x0000000002e80000, 0x0000000003380000, 0x0000000011e80000]
 total_blobs=1810 nmethods=1444 adapters=279
 compilation: enabled

Compilation events (10 events):
Event: 3.668 Thread 0x00000000165a7000 1442       3       org.gradle.util.GradleVersion::compareTo (224 bytes)
Event: 3.668 Thread 0x00000000165a7000 nmethod 1442 0x0000000003371a50 code [0x0000000003371c80, 0x0000000003372b68]
Event: 3.669 Thread 0x00000000165a7000 1443       3       org.gradle.util.GradleVersion::compareTo (9 bytes)
Event: 3.669 Thread 0x00000000165a7000 nmethod 1443 0x0000000003373090 code [0x0000000003373200, 0x0000000003373488]
Event: 3.669 Thread 0x00000000165a7000 1444       3       java.util.TreeMap::setColor (10 bytes)
Event: 3.669 Thread 0x00000000165a7000 nmethod 1444 0x0000000003373550 code [0x00000000033736a0, 0x0000000003373810]
Event: 3.669 Thread 0x00000000165a7000 1445       1       java.lang.Character::charValue (5 bytes)
Event: 3.669 Thread 0x00000000165a7000 nmethod 1445 0x00000000033738d0 code [0x0000000003373a20, 0x0000000003373b30]
Event: 3.750 Thread 0x00000000165a7000 1446       1       java.util.Collections$EmptyList::isEmpty (2 bytes)
Event: 3.750 Thread 0x00000000165a7000 nmethod 1446 0x0000000003373b90 code [0x0000000003373ce0, 0x0000000003373df0]

GC Heap History (8 events):
Event: 1.194 GC heap before
{Heap before GC invocations=1 (full 0):
 PSYoungGen      total 38400K, used 33280K [0x00000000e0000000, 0x00000000e2a80000, 0x0000000100000000)
  eden space 33280K, 100% used [0x00000000e0000000,0x00000000e2080000,0x00000000e2080000)
  from space 5120K, 0% used [0x00000000e2580000,0x00000000e2580000,0x00000000e2a80000)
  to   space 5120K, 0% used [0x00000000e2080000,0x00000000e2080000,0x00000000e2580000)
 ParOldGen       total 87552K, used 0K [0x00000000a0000000, 0x00000000a5580000, 0x00000000e0000000)
  object space 87552K, 0% used [0x00000000a0000000,0x00000000a0000000,0x00000000a5580000)
 Metaspace       used 6541K, capacity 6670K, committed 6784K, reserved 1056768K
  class space    used 795K, capacity 843K, committed 896K, reserved 1048576K
Event: 1.200 GC heap after
Heap after GC invocations=1 (full 0):
 PSYoungGen      total 38400K, used 3996K [0x00000000e0000000, 0x00000000e2a80000, 0x0000000100000000)
  eden space 33280K, 0% used [0x00000000e0000000,0x00000000e0000000,0x00000000e2080000)
  from space 5120K, 78% used [0x00000000e2080000,0x00000000e2467368,0x00000000e2580000)
  to   space 5120K, 0% used [0x00000000e2580000,0x00000000e2580000,0x00000000e2a80000)
 ParOldGen       total 87552K, used 8K [0x00000000a0000000, 0x00000000a5580000, 0x00000000e0000000)
  object space 87552K, 0% used [0x00000000a0000000,0x00000000a0002000,0x00000000a5580000)
 Metaspace       used 6541K, capacity 6670K, committed 6784K, reserved 1056768K
  class space    used 795K, capacity 843K, committed 896K, reserved 1048576K
}
Event: 1.608 GC heap before
{Heap before GC invocations=2 (full 0):
 PSYoungGen      total 38400K, used 28300K [0x00000000e0000000, 0x00000000e2a80000, 0x0000000100000000)
  eden space 33280K, 73% used [0x00000000e0000000,0x00000000e17bbef0,0x00000000e2080000)
  from space 5120K, 78% used [0x00000000e2080000,0x00000000e2467368,0x00000000e2580000)
  to   space 5120K, 0% used [0x00000000e2580000,0x00000000e2580000,0x00000000e2a80000)
 ParOldGen       total 87552K, used 8K [0x00000000a0000000, 0x00000000a5580000, 0x00000000e0000000)
  object space 87552K, 0% used [0x00000000a0000000,0x00000000a0002000,0x00000000a5580000)
 Metaspace       used 6923K, capacity 7048K, committed 7168K, reserved 1060864K
  class space    used 875K, capacity 948K, committed 1024K, reserved 1048576K
Event: 1.613 GC heap after
Heap after GC invocations=2 (full 0):
 PSYoungGen      total 38400K, used 3154K [0x00000000e0000000, 0x00000000e2a80000, 0x0000000100000000)
  eden space 33280K, 0% used [0x00000000e0000000,0x00000000e0000000,0x00000000e2080000)
  from space 5120K, 61% used [0x00000000e2580000,0x00000000e2894838,0x00000000e2a80000)
  to   space 5120K, 0% used [0x00000000e2080000,0x00000000e2080000,0x00000000e2580000)
 ParOldGen       total 87552K, used 16K [0x00000000a0000000, 0x00000000a5580000, 0x00000000e0000000)
  object space 87552K, 0% used [0x00000000a0000000,0x00000000a0004000,0x00000000a5580000)
 Metaspace       used 6923K, capacity 7048K, committed 7168K, reserved 1060864K
  class space    used 875K, capacity 948K, committed 1024K, reserved 1048576K
}
Event: 1.613 GC heap before
{Heap before GC invocations=3 (full 1):
 PSYoungGen      total 38400K, used 3154K [0x00000000e0000000, 0x00000000e2a80000, 0x0000000100000000)
  eden space 33280K, 0% used [0x00000000e0000000,0x00000000e0000000,0x00000000e2080000)
  from space 5120K, 61% used [0x00000000e2580000,0x00000000e2894838,0x00000000e2a80000)
  to   space 5120K, 0% used [0x00000000e2080000,0x00000000e2080000,0x00000000e2580000)
 ParOldGen       total 87552K, used 16K [0x00000000a0000000, 0x00000000a5580000, 0x00000000e0000000)
  object space 87552K, 0% used [0x00000000a0000000,0x00000000a0004000,0x00000000a5580000)
 Metaspace       used 6923K, capacity 7048K, committed 7168K, reserved 1060864K
  class space    used 875K, capacity 948K, committed 1024K, reserved 1048576K
Event: 1.631 GC heap after
Heap after GC invocations=3 (full 1):
 PSYoungGen      total 38400K, used 0K [0x00000000e0000000, 0x00000000e2a80000, 0x0000000100000000)
  eden space 33280K, 0% used [0x00000000e0000000,0x00000000e0000000,0x00000000e2080000)
  from space 5120K, 0% used [0x00000000e2580000,0x00000000e2580000,0x00000000e2a80000)
  to   space 5120K, 0% used [0x00000000e2080000,0x00000000e2080000,0x00000000e2580000)
 ParOldGen       total 56320K, used 3076K [0x00000000a0000000, 0x00000000a3700000, 0x00000000e0000000)
  object space 56320K, 5% used [0x00000000a0000000,0x00000000a0301038,0x00000000a3700000)
 Metaspace       used 6923K, capacity 7048K, committed 7168K, reserved 1058816K
  class space    used 875K, capacity 948K, committed 1024K, reserved 1048576K
}
Event: 3.371 GC heap before
{Heap before GC invocations=4 (full 1):
 PSYoungGen      total 38400K, used 33280K [0x00000000e0000000, 0x00000000e2a80000, 0x0000000100000000)
  eden space 33280K, 100% used [0x00000000e0000000,0x00000000e2080000,0x00000000e2080000)
  from space 5120K, 0% used [0x00000000e2580000,0x00000000e2580000,0x00000000e2a80000)
  to   space 5120K, 0% used [0x00000000e2080000,0x00000000e2080000,0x00000000e2580000)
 ParOldGen       total 56320K, used 3076K [0x00000000a0000000, 0x00000000a3700000, 0x00000000e0000000)
  object space 56320K, 5% used [0x00000000a0000000,0x00000000a0301038,0x00000000a3700000)
 Metaspace       used 12789K, capacity 13180K, committed 13440K, reserved 1062912K
  class space    used 1753K, capacity 1890K, committed 1920K, reserved 1048576K
Event: 3.379 GC heap after
Heap after GC invocations=4 (full 1):
 PSYoungGen      total 38400K, used 4668K [0x00000000e0000000, 0x00000000e3780000, 0x0000000100000000)
  eden space 33280K, 0% used [0x00000000e0000000,0x00000000e0000000,0x00000000e2080000)
  from space 5120K, 91% used [0x00000000e2080000,0x00000000e250f118,0x00000000e2580000)
  to   space 5120K, 0% used [0x00000000e3280000,0x00000000e3280000,0x00000000e3780000)
 ParOldGen       total 56320K, used 3084K [0x00000000a0000000, 0x00000000a3700000, 0x00000000e0000000)
  object space 56320K, 5% used [0x00000000a0000000,0x00000000a0303038,0x00000000a3700000)
 Metaspace       used 12789K, capacity 13180K, committed 13440K, reserved 1062912K
  class space    used 1753K, capacity 1890K, committed 1920K, reserved 1048576K
}

Deoptimization events (10 events):
Event: 1.882 Thread 0x0000000000f6e000 Uncommon trap: reason=bimorphic action=maybe_recompile pc=0x0000000003137388 method=java.util.HashMap.putVal(ILjava/lang/Object;Ljava/lang/Object;ZZ)Ljava/lang/Object; @ 203
Event: 2.104 Thread 0x0000000000f6e000 Uncommon trap: reason=unstable_if action=reinterpret pc=0x000000000319e8c0 method=java.io.WinNTFileSystem.normalize(Ljava/lang/String;)Ljava/lang/String; @ 128
Event: 2.104 Thread 0x0000000000f6e000 Uncommon trap: reason=unstable_if action=reinterpret pc=0x00000000031a8204 method=java.io.WinNTFileSystem.normalize(Ljava/lang/String;II)Ljava/lang/String; @ 90
Event: 2.979 Thread 0x0000000018dd0000 Uncommon trap: reason=unstable_if action=reinterpret pc=0x00000000032b9370 method=java.util.concurrent.ConcurrentHashMap.putVal(Ljava/lang/Object;Ljava/lang/Object;Z)Ljava/lang/Object; @ 206
Event: 3.107 Thread 0x0000000018e24800 Uncommon trap: reason=bimorphic action=maybe_recompile pc=0x00000000031364f8 method=java.util.HashMap.putVal(ILjava/lang/Object;Ljava/lang/Object;ZZ)Ljava/lang/Object; @ 253
Event: 3.107 Thread 0x0000000018e24800 Uncommon trap: reason=bimorphic action=maybe_recompile pc=0x00000000031364f8 method=java.util.HashMap.putVal(ILjava/lang/Object;Ljava/lang/Object;ZZ)Ljava/lang/Object; @ 253
Event: 3.107 Thread 0x0000000018e24800 Uncommon trap: reason=bimorphic action=maybe_recompile pc=0x00000000031364f8 method=java.util.HashMap.putVal(ILjava/lang/Object;Ljava/lang/Object;ZZ)Ljava/lang/Object; @ 253
Event: 3.633 Thread 0x0000000018e24800 Uncommon trap: reason=class_check action=maybe_recompile pc=0x0000000003131cdc method=java.util.regex.Matcher.match(II)Z @ 86
Event: 3.646 Thread 0x0000000018e24800 Uncommon trap: reason=class_check action=maybe_recompile pc=0x0000000003131cdc method=java.util.regex.Matcher.match(II)Z @ 86
Event: 3.646 Thread 0x0000000018e24800 Uncommon trap: reason=class_check action=maybe_recompile pc=0x0000000003131cdc method=java.util.regex.Matcher.match(II)Z @ 86

Classes redefined (0 events):
No events

Internal exceptions (10 events):
Event: 1.835 Thread 0x0000000000f6e000 Exception <a 'java/lang/NoSuchFieldError': method resolution failed> (0x00000000e0675100) thrown at [D:\src\AOSP-openjdk-cygwin\jdk8u\hotspot\src\share\vm\prims\methodHandles.cpp, line 1167]
Event: 1.837 Thread 0x0000000000f6e000 Exception <a 'java/lang/NoSuchFieldError': method resolution failed> (0x00000000e0682dd0) thrown at [D:\src\AOSP-openjdk-cygwin\jdk8u\hotspot\src\share\vm\prims\methodHandles.cpp, line 1167]
Event: 2.925 Thread 0x0000000000f6e000 Exception <a 'java/io/IOException'> (0x00000000e0e2f260) thrown at [D:\src\AOSP-openjdk-cygwin\jdk8u\hotspot\src\share\vm\prims\jni.cpp, line 709]
Event: 2.980 Thread 0x0000000018dd0000 Exception <a 'java/lang/NoSuchMethodError': <clinit>> (0x00000000e1082480) thrown at [D:\src\AOSP-openjdk-cygwin\jdk8u\hotspot\src\share\vm\prims\jni.cpp, line 1613]
Event: 2.981 Thread 0x0000000018dd0000 Exception <a 'java/lang/NoSuchMethodError': <clinit>> (0x00000000e108c080) thrown at [D:\src\AOSP-openjdk-cygwin\jdk8u\hotspot\src\share\vm\prims\jni.cpp, line 1613]
Event: 2.983 Thread 0x0000000018dd0000 Exception <a 'java/lang/NoSuchMethodError': <clinit>> (0x00000000e1096cd0) thrown at [D:\src\AOSP-openjdk-cygwin\jdk8u\hotspot\src\share\vm\prims\jni.cpp, line 1613]
Event: 2.991 Thread 0x0000000018dd0000 Exception <a 'java/lang/NoSuchMethodError': <clinit>> (0x00000000e10e88e0) thrown at [D:\src\AOSP-openjdk-cygwin\jdk8u\hotspot\src\share\vm\prims\jni.cpp, line 1613]
Event: 2.998 Thread 0x0000000018dd0000 Exception <a 'java/lang/NoSuchMethodError': <clinit>> (0x00000000e111f9b0) thrown at [D:\src\AOSP-openjdk-cygwin\jdk8u\hotspot\src\share\vm\prims\jni.cpp, line 1613]
Event: 3.005 Thread 0x0000000018dd0000 Exception <a 'java/lang/NoSuchMethodError': <clinit>> (0x00000000e1155b98) thrown at [D:\src\AOSP-openjdk-cygwin\jdk8u\hotspot\src\share\vm\prims\jni.cpp, line 1613]
Event: 3.006 Thread 0x0000000018dd0000 Exception <a 'java/lang/NoSuchMethodError': <clinit>> (0x00000000e1160ee0) thrown at [D:\src\AOSP-openjdk-cygwin\jdk8u\hotspot\src\share\vm\prims\jni.cpp, line 1613]

Events (10 events):
Event: 3.678 loading class com/google/common/primitives/Ints$IntConverter
Event: 3.678 loading class com/google/common/primitives/Ints$IntConverter done
Event: 3.751 loading class groovy/lang/Closure
Event: 3.751 loading class groovy/lang/Closure done
Event: 3.757 loading class groovy/lang/GroovyCallable
Event: 3.757 loading class groovy/lang/GroovyCallable done
Event: 3.761 loading class groovy/lang/GroovyObjectSupport
Event: 3.761 loading class groovy/lang/GroovyObjectSupport done
Event: 3.761 loading class org/gradle/configuration/internal/DefaultListenerBuildOperationDecorator$BuildOperationEmittingClosure
Event: 3.761 loading class org/gradle/configuration/internal/DefaultListenerBuildOperationDecorator$BuildOperationEmittingClosure done


Dynamic libraries:
0x00007ff7c8770000 - 0x00007ff7c87a1000 	C:\Program Files\Android\Android Studio1\jre\bin\java.exe
0x00007ffdae650000 - 0x00007ffdae831000 	C:\WINDOWS\SYSTEM32\ntdll.dll
0x00007ffdabb40000 - 0x00007ffdabbf2000 	C:\WINDOWS\System32\KERNEL32.DLL
0x00007ffdab280000 - 0x00007ffdab4f3000 	C:\WINDOWS\System32\KERNELBASE.dll
0x00007ffdae020000 - 0x00007ffdae0c1000 	C:\WINDOWS\System32\ADVAPI32.dll
0x00007ffdae0d0000 - 0x00007ffdae16e000 	C:\WINDOWS\System32\msvcrt.dll
0x00007ffdadfc0000 - 0x00007ffdae01b000 	C:\WINDOWS\System32\sechost.dll
0x00007ffdae4f0000 - 0x00007ffdae614000 	C:\WINDOWS\System32\RPCRT4.dll
0x00007ffdad370000 - 0x00007ffdad500000 	C:\WINDOWS\System32\USER32.dll
0x00007ffdab790000 - 0x00007ffdab7b0000 	C:\WINDOWS\System32\win32u.dll
0x00007ffdae170000 - 0x00007ffdae198000 	C:\WINDOWS\System32\GDI32.dll
0x00007ffdab7b0000 - 0x00007ffdab942000 	C:\WINDOWS\System32\gdi32full.dll
0x00007ffdab6f0000 - 0x00007ffdab78f000 	C:\WINDOWS\System32\msvcp_win.dll
0x00007ffdaaa70000 - 0x00007ffdaab6a000 	C:\WINDOWS\System32\ucrtbase.dll
0x00007ffd8e2a0000 - 0x00007ffd8e509000 	C:\WINDOWS\WinSxS\amd64_microsoft.windows.common-controls_6595b64144ccf1df_6.0.17134.523_none_fb409dd930672a56\COMCTL32.dll
0x00007ffdad040000 - 0x00007ffdad362000 	C:\WINDOWS\System32\combase.dll
0x00007ffdaba60000 - 0x00007ffdabada000 	C:\WINDOWS\System32\bcryptPrimitives.dll
0x00007ffdad920000 - 0x00007ffdad94d000 	C:\WINDOWS\System32\IMM32.DLL
0x0000000075670000 - 0x0000000075742000 	C:\Program Files\Android\Android Studio1\jre\jre\bin\msvcr100.dll
0x0000000075770000 - 0x0000000075fb1000 	C:\Program Files\Android\Android Studio1\jre\jre\bin\server\jvm.dll
0x00007ffdae4e0000 - 0x00007ffdae4e8000 	C:\WINDOWS\System32\PSAPI.DLL
0x00007ffd8a5d0000 - 0x00007ffd8a5d9000 	C:\WINDOWS\SYSTEM32\WSOCK32.dll
0x00007ffdade90000 - 0x00007ffdadefc000 	C:\WINDOWS\System32\WS2_32.dll
0x00007ffda8bf0000 - 0x00007ffda8c13000 	C:\WINDOWS\SYSTEM32\WINMM.dll
0x00007ffda2330000 - 0x00007ffda233a000 	C:\WINDOWS\SYSTEM32\VERSION.dll
0x00007ffda8bc0000 - 0x00007ffda8bea000 	C:\WINDOWS\SYSTEM32\WINMMBASE.dll
0x00007ffdaaa20000 - 0x00007ffdaaa69000 	C:\WINDOWS\System32\cfgmgr32.dll
0x00007ffd8a5c0000 - 0x00007ffd8a5cf000 	C:\Program Files\Android\Android Studio1\jre\jre\bin\verify.dll
0x00007ffd83190000 - 0x00007ffd831b9000 	C:\Program Files\Android\Android Studio1\jre\jre\bin\java.dll
0x00007ffd8a5a0000 - 0x00007ffd8a5b6000 	C:\Program Files\Android\Android Studio1\jre\jre\bin\zip.dll
0x00007ffdabc00000 - 0x00007ffdad040000 	C:\WINDOWS\System32\SHELL32.dll
0x00007ffdad500000 - 0x00007ffdad5a9000 	C:\WINDOWS\System32\shcore.dll
0x00007ffdaab70000 - 0x00007ffdab27d000 	C:\WINDOWS\System32\windows.storage.dll
0x00007ffdad8c0000 - 0x00007ffdad911000 	C:\WINDOWS\System32\shlwapi.dll
0x00007ffdaaa00000 - 0x00007ffdaaa11000 	C:\WINDOWS\System32\kernel.appcore.dll
0x00007ffdaa990000 - 0x00007ffdaa9af000 	C:\WINDOWS\System32\profapi.dll
0x00007ffdaa9b0000 - 0x00007ffdaa9fc000 	C:\WINDOWS\System32\powrprof.dll
0x00007ffdaa980000 - 0x00007ffdaa98a000 	C:\WINDOWS\System32\FLTLIB.DLL
0x00007ffd82890000 - 0x00007ffd828aa000 	C:\Program Files\Android\Android Studio1\jre\jre\bin\net.dll
0x00007ffdaa180000 - 0x00007ffdaa1e6000 	C:\WINDOWS\system32\mswsock.dll
0x00007ffd807e0000 - 0x00007ffd807f1000 	C:\Program Files\Android\Android Studio1\jre\jre\bin\nio.dll
0x00007ffd82160000 - 0x00007ffd8217e000 	C:\Users\Nebras VM\.gradle\native\25\windows-amd64\native-platform.dll
0x00007ffd83180000 - 0x00007ffd8318d000 	C:\Program Files\Android\Android Studio1\jre\jre\bin\management.dll
0x00007ffdaa330000 - 0x00007ffdaa347000 	C:\WINDOWS\SYSTEM32\CRYPTSP.dll
0x00007ffda9d60000 - 0x00007ffda9d93000 	C:\WINDOWS\system32\rsaenh.dll
0x00007ffdaa460000 - 0x00007ffdaa485000 	C:\WINDOWS\SYSTEM32\bcrypt.dll
0x00007ffdaa860000 - 0x00007ffdaa888000 	C:\WINDOWS\SYSTEM32\USERENV.dll
0x00007ffdaa350000 - 0x00007ffdaa35b000 	C:\WINDOWS\SYSTEM32\CRYPTBASE.dll
0x00007ffda9f00000 - 0x00007ffda9f38000 	C:\WINDOWS\SYSTEM32\IPHLPAPI.DLL
0x00007ffdade80000 - 0x00007ffdade88000 	C:\WINDOWS\System32\NSI.dll
0x00007ffda42a0000 - 0x00007ffda42b6000 	C:\WINDOWS\SYSTEM32\dhcpcsvc6.DLL
0x00007ffda4200000 - 0x00007ffda421a000 	C:\WINDOWS\SYSTEM32\dhcpcsvc.DLL

VM Arguments:
jvm_args: -Xmx1536m -Dfile.encoding=windows-1252 -Duser.country=US -Duser.language=en -Duser.variant 
java_command: org.gradle.launcher.daemon.bootstrap.GradleDaemon 4.10.1
java_class_path (initial): C:\Users\Nebras VM\.gradle\wrapper\dists\gradle-4.10.1-all\455itskqi2qtf0v2sja68alqd\gradle-4.10.1\lib\gradle-launcher-4.10.1.jar
Launcher Type: SUN_STANDARD

Environment Variables:
JAVA_HOME=C:\Program Files (x86)\Java\jdk1.8.0_181
PATH=C:\WINDOWS\system32;C:\WINDOWS;C:\WINDOWS\System32\Wbem;C:\WINDOWS\System32\WindowsPowerShell\v1.0\;C:\Program Files\dotnet\;C:\Program Files\Microsoft SQL Server\130\Tools\Binn\;C:\Program Files\Git\cmd;C:\Program Files\Microsoft SQL Server\Client SDK\ODBC\130\Tools\Binn\;C:\Program Files (x86)\Microsoft SQL Server\140\Tools\Binn\;C:\Program Files\Microsoft SQL Server\140\Tools\Binn\;C:\Program Files\Microsoft SQL Server\140\DTS\Binn\;C:\Program Files (x86)\Microsoft SQL Server\Client SDK\ODBC\130\Tools\Binn\;C:\Program Files (x86)\Microsoft SQL Server\140\DTS\Binn\;C:\Program Files (x86)\Microsoft SQL Server\140\Tools\Binn\ManagementStudio\;C:\Program Files\nodejs\;C:\WINDOWS\System32\OpenSSH\;C:\Program Files (x86)\Microsoft Emulator Manager\1.0\;C:\Users\Nebras VM\AppData\Local\Microsoft\WindowsApps;C:\Users\Nebras VM\AppData\Roaming\npm;C:\Users\Nebras VM\AppData\Local\Programs\Microsoft VS Code\bin;;C:\Program Files\JetBrains\IntelliJ IDEA Community Edition 2018.3.2\bin;
USERNAME=Nebras VM
OS=Windows_NT
PROCESSOR_IDENTIFIER=Intel64 Family 6 Model 79 Stepping 1, GenuineIntel



---------------  S Y S T E M  ---------------

OS: Windows 10.0 , 64 bit Build 17134 (10.0.17134.1)

CPU:total 2 (initial active 2) (2 cores per cpu, 1 threads per core) family 6 model 79 stepping 1, cmov, cx8, fxsr, mmx, sse, sse2, sse3, ssse3, sse4.1, sse4.2, popcnt, avx, avx2, aes, clmul, erms, rtm, 3dnowpref, lzcnt, tsc, bmi1, bmi2, adx

Memory: 4k page, physical 8388148k(4218576k free), swap 10485160k(5488k free)

vm_info: OpenJDK 64-Bit Server VM (25.152-b01) for windows-amd64 JRE (1.8.0_152-release-1248-b01), built by "builder" with MS VC++ 10.0 (VS2010)

time: Fri Jan 18 13:52:03 2019
elapsed time: 3 seconds (0d 0h 0m 3s)

